<?xml version="1.0" encoding="UTF-8"?>
<testsuite xmlns:xsi="http://www.w3.org/2001/XMLSchema-instance"
           xsi:noNamespaceSchemaLocation="https://maven.apache.org/surefire/maven-surefire-plugin/xsd/surefire-test-report.xsd"
           name="com.example.springboot_4_thymeleaf.Springboot4ThymeleafApplicationTests" time="2.574" tests="1"
           errors="0" skipped="0" failures="0">
    <properties>
[...]
</properties>
    <testcase name="contextLoads" classname="com.example.springboot_4_thymeleaf.Springboot4ThymeleafApplicationTests"
              time="0.297"/>
</testsuite>